<?xml version="1.0" encoding="UTF-8"?>
<!-- Generated by org.testng.reporters.JUnitReportReporter -->
<testsuite hostname="LAPTOP-QBTCVFMP" failures="0" tests="5" name="com.juaracoding.restassured.TestHeroku" time="16.255" errors="0" timestamp="2022-08-25T23:43:07 WIB" skipped="0">
  <testcase classname="com.juaracoding.restassured.TestHeroku" name="testPost" time="6.430"/>
  <system-out/>
  <testcase classname="com.juaracoding.restassured.TestHeroku" name="testGet" time="2.565"/>
  <system-out/>
  <testcase classname="com.juaracoding.restassured.TestHeroku" name="testPut" time="2.220"/>
  <system-out/>
  <testcase classname="com.juaracoding.restassured.TestHeroku" name="testPatch" time="2.480"/>
  <system-out/>
  <testcase classname="com.juaracoding.restassured.TestHeroku" name="testDelete" time="2.560"/>
  <system-out/>
</testsuite> <!-- com.juaracoding.restassured.TestHeroku -->
