<?xml version="1.0" encoding="UTF-8"?>
<!-- Generated by org.testng.reporters.JUnitReportReporter -->
<testsuite hostname="LAPTOP-QBTCVFMP" failures="0" tests="4" name="com.juaracoding.restassured.TestCRUD" time="5.409" errors="0" timestamp="2022-08-25T22:51:27 WIB" skipped="0">
  <testcase classname="com.juaracoding.restassured.TestCRUD" name="testPatch" time="0.716"/>
  <system-out/>
  <testcase classname="com.juaracoding.restassured.TestCRUD" name="testPut" time="0.531"/>
  <system-out/>
  <testcase classname="com.juaracoding.restassured.TestCRUD" name="testDelete" time="3.600"/>
  <system-out/>
  <testcase classname="com.juaracoding.restassured.TestCRUD" name="testPost" time="0.562"/>
  <system-out/>
</testsuite> <!-- com.juaracoding.restassured.TestCRUD -->
