<?xml version="1.0" encoding="UTF-8"?>
<!-- Generated by org.testng.reporters.JUnitReportReporter -->
<testsuite hostname="LAPTOP-QBTCVFMP" failures="0" tests="1" name="com.juaracoding.restassured.TestCRUD" time="3.336" errors="0" timestamp="2022-08-24T20:59:48 WIB" skipped="0">
  <testcase classname="com.juaracoding.restassured.TestCRUD" name="testPost" time="3.336"/>
  <system-out/>
</testsuite> <!-- com.juaracoding.restassured.TestCRUD -->
