<?xml version="1.0" encoding="UTF-8"?>
<!-- Generated by org.testng.reporters.JUnitReportReporter -->
<testsuite hostname="LAPTOP-QBTCVFMP" failures="0" tests="1" name="com.juaracoding.restassured.TestHeroku" time="3.462" errors="0" timestamp="2022-08-24T23:49:16 WIB" skipped="0">
  <testcase classname="com.juaracoding.restassured.TestHeroku" name="testDelete" time="3.462"/>
  <system-out/>
</testsuite> <!-- com.juaracoding.restassured.TestHeroku -->
