<?xml version="1.0" encoding="UTF-8"?>
<!-- Generated by org.testng.reporters.JUnitReportReporter -->
<testsuite hostname="LAPTOP-QBTCVFMP" failures="0" tests="1" name="com.juaracoding.restassured.TestGetAllUser" time="4.021" errors="0" timestamp="2022-08-25T00:35:36 WIB" skipped="0">
  <testcase classname="com.juaracoding.restassured.TestGetAllUser" name="testIdTwo" time="4.021"/>
  <system-out/>
</testsuite> <!-- com.juaracoding.restassured.TestGetAllUser -->
