<?xml version="1.0" encoding="UTF-8"?>
<!-- Generated by org.testng.reporters.JUnitReportReporter -->
<testsuite hostname="LAPTOP-QBTCVFMP" failures="0" tests="3" name="com.juaracoding.restassured.TestGetAllUser" time="6.448" errors="0" timestamp="2022-08-24T00:03:34 WIB" skipped="0">
  <testcase classname="com.juaracoding.restassured.TestGetAllUser" name="testIdTwo" time="0.655"/>
  <system-out/>
  <testcase classname="com.juaracoding.restassured.TestGetAllUser" name="testStatusCode" time="0.879"/>
  <system-out/>
  <testcase classname="com.juaracoding.restassured.TestGetAllUser" name="testIdOne" time="4.914"/>
  <system-out/>
</testsuite> <!-- com.juaracoding.restassured.TestGetAllUser -->
